2022-03-14 22:48:19.8939|DeviceManager.Api.Program|DEBUG|init main 
2022-03-14 22:48:21.4216|Microsoft.AspNetCore.DataProtection.KeyManagement.XmlKeyManager|INFO|User profile is available. Using '/Users/akshayhiranwal/.aspnet/DataProtection-Keys' as key repository; keys will not be encrypted at rest. 
2022-03-14 22:48:23.7669|Microsoft.Hosting.Lifetime|INFO|Now listening on: http://localhost:52217 
2022-03-14 22:48:23.8250|Microsoft.Hosting.Lifetime|INFO|Application started. Press Ctrl+C to shut down. 
2022-03-14 22:48:23.8264|Microsoft.Hosting.Lifetime|INFO|Hosting environment: Development 
2022-03-14 22:48:23.8739|Microsoft.Hosting.Lifetime|INFO|Content root path: /Users/akshayhiranwal/Akshay/Skillikz/LMS/LMSTenantAPI 
2022-03-14 22:48:25.5474|Microsoft.AspNetCore.Hosting.Diagnostics|INFO|Request starting HTTP/1.1 GET http://localhost:52217/swagger   
2022-03-14 22:48:25.7662|Microsoft.AspNetCore.Hosting.Diagnostics|INFO|Request finished in 241.358ms 301  
2022-03-14 22:48:25.9715|Microsoft.AspNetCore.Hosting.Diagnostics|INFO|Request starting HTTP/1.1 GET http://localhost:52217/swagger/index.html   
2022-03-14 22:48:26.0562|Microsoft.AspNetCore.Hosting.Diagnostics|INFO|Request finished in 85.6295ms 200 text/html;charset=utf-8 
2022-03-14 22:48:26.1444|Microsoft.AspNetCore.Hosting.Diagnostics|INFO|Request starting HTTP/1.1 GET http://localhost:52217/swagger/swagger-ui.css   
2022-03-14 22:48:26.1444|Microsoft.AspNetCore.Hosting.Diagnostics|INFO|Request starting HTTP/1.1 GET http://localhost:52217/swagger/swagger-ui-bundle.js   
2022-03-14 22:48:26.3798|Microsoft.AspNetCore.Hosting.Diagnostics|INFO|Request starting HTTP/1.1 GET http://localhost:52217/swagger/swagger-ui-standalone-preset.js   
2022-03-14 22:48:27.6166|Microsoft.AspNetCore.StaticFiles.StaticFileMiddleware|INFO|Sending file. Request path: '/swagger-ui.css'. Physical path: 'N/A' 
2022-03-14 22:48:27.6166|Microsoft.AspNetCore.StaticFiles.StaticFileMiddleware|INFO|Sending file. Request path: '/swagger-ui-standalone-preset.js'. Physical path: 'N/A' 
2022-03-14 22:48:27.6621|Microsoft.AspNetCore.StaticFiles.StaticFileMiddleware|INFO|Sending file. Request path: '/swagger-ui-bundle.js'. Physical path: 'N/A' 
2022-03-14 22:48:27.7000|Microsoft.AspNetCore.Hosting.Diagnostics|INFO|Request finished in 1555.8229ms 200 text/css 
2022-03-14 22:48:27.7006|Microsoft.AspNetCore.Hosting.Diagnostics|INFO|Request finished in 1319.9766ms 200 application/javascript 
2022-03-14 22:48:27.7012|Microsoft.AspNetCore.Hosting.Diagnostics|INFO|Request finished in 1556.0025ms 200 application/javascript 
2022-03-14 22:48:28.1132|Microsoft.AspNetCore.Hosting.Diagnostics|INFO|Request starting HTTP/1.1 GET http://localhost:52217/swagger/favicon-32x32.png   
2022-03-14 22:48:28.1178|Microsoft.AspNetCore.Hosting.Diagnostics|INFO|Request starting HTTP/1.1 GET http://localhost:52217/swagger/v1/swagger.json   
2022-03-14 22:48:28.2332|Microsoft.AspNetCore.StaticFiles.StaticFileMiddleware|INFO|Sending file. Request path: '/favicon-32x32.png'. Physical path: 'N/A' 
2022-03-14 22:48:28.2356|Microsoft.AspNetCore.Hosting.Diagnostics|INFO|Request finished in 180.1599ms 200 image/png 
2022-03-14 22:48:28.7576|Microsoft.AspNetCore.Hosting.Diagnostics|INFO|Request finished in 702.1112ms 200 application/json;charset=utf-8 
2022-03-14 22:49:30.3056|DeviceManager.Api.Program|DEBUG|init main 
2022-03-14 22:49:31.3707|Microsoft.AspNetCore.DataProtection.KeyManagement.XmlKeyManager|INFO|User profile is available. Using '/Users/akshayhiranwal/.aspnet/DataProtection-Keys' as key repository; keys will not be encrypted at rest. 
2022-03-14 22:49:33.4389|Microsoft.Hosting.Lifetime|INFO|Now listening on: http://localhost:52217 
2022-03-14 22:49:33.4469|Microsoft.Hosting.Lifetime|INFO|Application started. Press Ctrl+C to shut down. 
2022-03-14 22:49:33.4731|Microsoft.Hosting.Lifetime|INFO|Hosting environment: Development 
2022-03-14 22:49:33.4731|Microsoft.Hosting.Lifetime|INFO|Content root path: /Users/akshayhiranwal/Akshay/Skillikz/LMS/LMSTenantAPI 
2022-03-14 22:49:35.2187|Microsoft.AspNetCore.Hosting.Diagnostics|INFO|Request starting HTTP/1.1 GET http://localhost:52217/swagger/index.html   
2022-03-14 22:49:35.6008|Microsoft.AspNetCore.Hosting.Diagnostics|INFO|Request finished in 404.0748ms 200 text/html;charset=utf-8 
2022-03-14 22:49:35.7452|Microsoft.AspNetCore.Hosting.Diagnostics|INFO|Request starting HTTP/1.1 GET http://localhost:52217/swagger/v1/swagger.json   
2022-03-14 22:49:36.3610|Microsoft.AspNetCore.Hosting.Diagnostics|INFO|Request finished in 616.5645ms 200 application/json;charset=utf-8 
2022-03-14 22:50:31.2224|DeviceManager.Api.Program|DEBUG|init main 
2022-03-14 22:50:32.3762|Microsoft.AspNetCore.DataProtection.KeyManagement.XmlKeyManager|INFO|User profile is available. Using '/Users/akshayhiranwal/.aspnet/DataProtection-Keys' as key repository; keys will not be encrypted at rest. 
2022-03-14 22:50:34.9508|Microsoft.Hosting.Lifetime|INFO|Now listening on: http://localhost:52217 
2022-03-14 22:50:35.0086|Microsoft.Hosting.Lifetime|INFO|Application started. Press Ctrl+C to shut down. 
2022-03-14 22:50:35.0096|Microsoft.Hosting.Lifetime|INFO|Hosting environment: Development 
2022-03-14 22:50:35.0096|Microsoft.Hosting.Lifetime|INFO|Content root path: /Users/akshayhiranwal/Akshay/Skillikz/LMS/LMSTenantAPI 
2022-03-14 22:50:36.3399|Microsoft.AspNetCore.Hosting.Diagnostics|INFO|Request starting HTTP/1.1 GET http://localhost:52217/swagger/index.html   
2022-03-14 22:50:36.6569|Microsoft.AspNetCore.Hosting.Diagnostics|INFO|Request finished in 337.0076ms 200 text/html;charset=utf-8 
2022-03-14 22:50:36.8034|Microsoft.AspNetCore.Hosting.Diagnostics|INFO|Request starting HTTP/1.1 GET http://localhost:52217/swagger/v1/swagger.json   
2022-03-14 22:50:37.5702|Microsoft.AspNetCore.Hosting.Diagnostics|INFO|Request finished in 766.0542ms 200 application/json;charset=utf-8 
2022-03-14 22:52:38.5076|Microsoft.AspNetCore.Hosting.Diagnostics|INFO|Request starting HTTP/1.1 GET http://localhost:52217/api/CourseMaster/GetAll   
2022-03-14 22:52:38.7407|Microsoft.AspNetCore.Authentication.JwtBearer.JwtBearerHandler|INFO|Jwt was not authenticated. Failure message: No SecurityTokenValidator available for token: Bearer eyJhbGciOiJIUzI1NiIsInR5cCI6IkpXVCJ9.eyJodHRwOi8vc2NoZW1hcy54bWxzb2FwLm9yZy93cy8yMDA1LzA1L2lkZW50aXR5L2NsYWltcy9uYW1lIjoiQWRtaW4iLCJodHRwOi8vc2NoZW1hcy54bWxzb2FwLm9yZy93cy8yMDA1LzA1L2lkZW50aXR5L2NsYWltcy9jb3VudHJ5IjoiRW5nbGFuZCIsIkVtcGxveWVlSWQiOiJUQ0xDMDAxIiwiVGVuYW50SWQiOiIxIiwiZmtFbXBJZCI6IjEiLCJQcm9maWxlSWQiOiIxIiwiVXNlcklkIjoiMSIsIm5iZiI6MTY0NzI5ODI4NiwiZXhwIjoxNjQ3Mzg0Njg2LCJpc3MiOiJUQ0xDIn0.dejHUwB3HLoIGhIl7jg730lOPgh_tvxjbQlyFsmiBPk 
2022-03-14 22:52:38.9217|Microsoft.AspNetCore.Authorization.DefaultAuthorizationService|INFO|Authorization failed. 
2022-03-14 22:52:38.9447|Microsoft.AspNetCore.Authentication.JwtBearer.JwtBearerHandler|INFO|AuthenticationScheme: Jwt was challenged. 
2022-03-14 22:52:38.9538|Microsoft.AspNetCore.Hosting.Diagnostics|INFO|Request finished in 445.82ms 401  
2022-03-14 23:07:55.9503|DeviceManager.Api.Program|DEBUG|init main 
2022-03-14 23:07:57.1356|Microsoft.AspNetCore.DataProtection.KeyManagement.XmlKeyManager|INFO|User profile is available. Using '/Users/akshayhiranwal/.aspnet/DataProtection-Keys' as key repository; keys will not be encrypted at rest. 
2022-03-14 23:07:59.2445|Microsoft.Hosting.Lifetime|INFO|Now listening on: http://localhost:52217 
2022-03-14 23:07:59.3033|Microsoft.Hosting.Lifetime|INFO|Application started. Press Ctrl+C to shut down. 
2022-03-14 23:07:59.3040|Microsoft.Hosting.Lifetime|INFO|Hosting environment: Development 
2022-03-14 23:07:59.3040|Microsoft.Hosting.Lifetime|INFO|Content root path: /Users/akshayhiranwal/Akshay/Skillikz/LMS/LMSTenantAPI 
2022-03-14 23:08:00.6764|Microsoft.AspNetCore.Hosting.Diagnostics|INFO|Request starting HTTP/1.1 GET http://localhost:52217/swagger/index.html   
2022-03-14 23:08:01.0710|Microsoft.AspNetCore.Hosting.Diagnostics|INFO|Request finished in 418.276ms 200 text/html;charset=utf-8 
2022-03-14 23:08:01.2178|Microsoft.AspNetCore.Hosting.Diagnostics|INFO|Request starting HTTP/1.1 GET http://localhost:52217/swagger/v1/swagger.json   
2022-03-14 23:08:01.8494|Microsoft.AspNetCore.Hosting.Diagnostics|INFO|Request finished in 632.3089ms 200 application/json;charset=utf-8 
2022-03-14 23:12:51.7608|Microsoft.AspNetCore.Hosting.Diagnostics|INFO|Request starting HTTP/1.1 GET http://localhost:52217/api/LevelMaster/GetAll   
2022-03-14 23:12:52.0795|Microsoft.AspNetCore.Authentication.JwtBearer.JwtBearerHandler|INFO|Successfully validated the token. 
2022-03-14 23:12:52.2139|Microsoft.AspNetCore.Authorization.DefaultAuthorizationService|INFO|Authorization was successful. 
2022-03-14 23:12:52.2206|Microsoft.AspNetCore.Routing.EndpointMiddleware|INFO|Executing endpoint 'DeviceManager.Api.Controllers.LevelMasterController.GetAll (DeviceManager.Api)' 
2022-03-14 23:12:52.3223|Microsoft.AspNetCore.Mvc.Infrastructure.ControllerActionInvoker|INFO|Route matched with {action = "GetAll", controller = "LevelMaster"}. Executing controller action with signature System.Threading.Tasks.Task`1[Microsoft.AspNetCore.Mvc.IActionResult] GetAll() on controller DeviceManager.Api.Controllers.LevelMasterController (DeviceManager.Api). 
2022-03-14 23:12:57.4452|Microsoft.AspNetCore.Mvc.Infrastructure.ControllerActionInvoker|INFO|Executed action DeviceManager.Api.Controllers.LevelMasterController.GetAll (DeviceManager.Api) in 5115.1412ms 
2022-03-14 23:12:57.4481|Microsoft.AspNetCore.Routing.EndpointMiddleware|INFO|Executed endpoint 'DeviceManager.Api.Controllers.LevelMasterController.GetAll (DeviceManager.Api)' 
2022-03-14 23:12:57.6623|Microsoft.AspNetCore.Server.Kestrel|ERROR|Connection id "0HMG61TTP2S6S", Request id "0HMG61TTP2S6S:00000003": An unhandled exception was thrown by the application. Headers are read-only, response has already started.
2022-03-14 23:12:57.7036|Microsoft.AspNetCore.Hosting.Diagnostics|INFO|Request finished in 5942.6542ms 500 application/json 
2022-03-14 23:13:35.0047|DeviceManager.Api.Program|DEBUG|init main 
2022-03-14 23:13:36.0953|Microsoft.AspNetCore.DataProtection.KeyManagement.XmlKeyManager|INFO|User profile is available. Using '/Users/akshayhiranwal/.aspnet/DataProtection-Keys' as key repository; keys will not be encrypted at rest. 
2022-03-14 23:13:38.6645|Microsoft.Hosting.Lifetime|INFO|Now listening on: http://localhost:52217 
2022-03-14 23:13:38.7787|Microsoft.Hosting.Lifetime|INFO|Application started. Press Ctrl+C to shut down. 
2022-03-14 23:13:38.7806|Microsoft.Hosting.Lifetime|INFO|Hosting environment: Development 
2022-03-14 23:13:38.7813|Microsoft.Hosting.Lifetime|INFO|Content root path: /Users/akshayhiranwal/Akshay/Skillikz/LMS/LMSTenantAPI 
2022-03-14 23:13:40.0343|Microsoft.AspNetCore.Hosting.Diagnostics|INFO|Request starting HTTP/1.1 GET http://localhost:52217/swagger/index.html   
2022-03-14 23:13:40.3647|Microsoft.AspNetCore.Hosting.Diagnostics|INFO|Request finished in 352.0206ms 200 text/html;charset=utf-8 
2022-03-14 23:13:40.5046|Microsoft.AspNetCore.Hosting.Diagnostics|INFO|Request starting HTTP/1.1 GET http://localhost:52217/swagger/v1/swagger.json   
2022-03-14 23:13:41.1116|Microsoft.AspNetCore.Hosting.Diagnostics|INFO|Request finished in 607.7176ms 200 application/json;charset=utf-8 
2022-03-14 23:14:01.8376|Microsoft.AspNetCore.Hosting.Diagnostics|INFO|Request starting HTTP/1.1 GET http://localhost:52217/api/LevelMaster/GetAll   
2022-03-14 23:14:02.1720|Microsoft.AspNetCore.Authentication.JwtBearer.JwtBearerHandler|INFO|Successfully validated the token. 
2022-03-14 23:14:02.3148|Microsoft.AspNetCore.Authorization.DefaultAuthorizationService|INFO|Authorization was successful. 
2022-03-14 23:14:02.3218|Microsoft.AspNetCore.Routing.EndpointMiddleware|INFO|Executing endpoint 'DeviceManager.Api.Controllers.LevelMasterController.GetAll (DeviceManager.Api)' 
2022-03-14 23:14:02.4156|Microsoft.AspNetCore.Mvc.Infrastructure.ControllerActionInvoker|INFO|Route matched with {action = "GetAll", controller = "LevelMaster"}. Executing controller action with signature System.Threading.Tasks.Task`1[Microsoft.AspNetCore.Mvc.IActionResult] GetAll() on controller DeviceManager.Api.Controllers.LevelMasterController (DeviceManager.Api). 
2022-03-14 23:16:06.3987|Microsoft.AspNetCore.Mvc.Infrastructure.ControllerActionInvoker|INFO|Executed action DeviceManager.Api.Controllers.LevelMasterController.GetAll (DeviceManager.Api) in 123962.6476ms 
2022-03-14 23:16:06.4116|Microsoft.AspNetCore.Routing.EndpointMiddleware|INFO|Executed endpoint 'DeviceManager.Api.Controllers.LevelMasterController.GetAll (DeviceManager.Api)' 
2022-03-14 23:16:06.7864|Microsoft.AspNetCore.Server.Kestrel|ERROR|Connection id "0HMG6212UCPK0", Request id "0HMG6212UCPK0:00000003": An unhandled exception was thrown by the application. Headers are read-only, response has already started.
2022-03-14 23:16:06.8251|Microsoft.AspNetCore.Hosting.Diagnostics|INFO|Request finished in 124987.0377ms 500 application/json 
